
**********************************************************
MIB Browser Started at : Mon May 07 14:08:54 CST 2018
**********************************************************
Building tree..
Updating orphans.
Updating variables table..
Done

**********************************************************
MIB Browser Stopped at : Mon May 07 14:09:01 CST 2018
**********************************************************

**********************************************************
MIB Browser Started at : Mon May 07 14:19:35 CST 2018
**********************************************************
Building tree..
Updating orphans.
Updating variables table..
Done

**********************************************************
MIB Browser Started at : Mon May 07 14:27:39 CST 2018
**********************************************************
Building tree..
Updating orphans.
Updating variables table..
Done

**********************************************************
MIB Browser Stopped at : Mon May 07 14:43:56 CST 2018
**********************************************************
Request : Get  .12

Request : Get  .4


Received 0 record(s) in 4280 milliseconds.

Received 0 record(s) in 4006 milliseconds.
Request : Get  .8


Received 0 record(s) in 4004 milliseconds.

**********************************************************
MIB Browser Stopped at : Mon May 07 17:59:21 CST 2018
**********************************************************

**********************************************************
MIB Browser Started at : Tue May 08 11:48:23 CST 2018
**********************************************************
Building tree..
Updating orphans.
Updating variables table..
Done
Request : Get  .3


**********************************************************
MIB Browser Stopped at : Tue May 08 11:48:42 CST 2018
**********************************************************

**********************************************************
MIB Browser Started at : Tue May 08 11:48:23 CST 2018
**********************************************************
Building tree..
Updating orphans.
Updating variables table..
Done

**********************************************************
MIB Browser Stopped at : Tue May 08 11:49:06 CST 2018
**********************************************************

**********************************************************
MIB Browser Started at : Tue May 08 12:05:28 CST 2018
**********************************************************
Building tree..
Updating orphans.
Updating variables table..
Done
Updating orphans.
Updating variables table..
Done

**********************************************************
MIB Browser Stopped at : Tue May 08 12:13:16 CST 2018
**********************************************************

**********************************************************
MIB Browser Started at : Tue May 08 12:13:35 CST 2018
**********************************************************
Building tree..
Updating orphans.
Updating variables table..
Done

**********************************************************
MIB Browser Started at : Tue May 08 13:40:53 CST 2018
**********************************************************
Building tree..

**********************************************************
MIB Browser Stopped at : Tue May 08 13:50:50 CST 2018
**********************************************************

**********************************************************
MIB Browser Started at : Tue May 08 13:59:16 CST 2018
**********************************************************
Building tree..
Updating orphans.
Updating variables table..
Done

**********************************************************
MIB Browser Stopped at : Tue May 08 13:59:19 CST 2018
**********************************************************

**********************************************************
MIB Browser Started at : Tue May 08 13:59:29 CST 2018
**********************************************************
Building tree..
Updating orphans.
Updating variables table..
Done

**********************************************************
MIB Browser Stopped at : Tue May 08 14:15:22 CST 2018
**********************************************************

**********************************************************
MIB Browser Started at : Tue May 08 14:43:43 CST 2018
**********************************************************
Building tree..
Updating orphans.
Updating variables table..
Done

**********************************************************
MIB Browser Started at : Tue May 08 14:53:32 CST 2018
**********************************************************
Building tree..
Updating orphans.
Updating variables table..
Done

**********************************************************
MIB Browser Stopped at : Tue May 08 15:19:41 CST 2018
**********************************************************

**********************************************************
MIB Browser Started at : Tue May 08 15:19:48 CST 2018
**********************************************************
Building tree..
Updating orphans.
Updating variables table..
Done

**********************************************************
MIB Browser Stopped at : Tue May 08 15:19:53 CST 2018
**********************************************************

**********************************************************
MIB Browser Started at : Tue May 08 15:20:05 CST 2018
**********************************************************
Building tree..
Updating orphans.

**********************************************************
MIB Browser Started at : Tue May 08 15:26:21 CST 2018
**********************************************************
Building tree..

**********************************************************
MIB Browser Stopped at : Tue May 08 15:26:26 CST 2018
**********************************************************

**********************************************************
MIB Browser Started at : Tue May 08 15:28:36 CST 2018
**********************************************************
Building tree..

**********************************************************
MIB Browser Started at : Tue May 08 15:31:21 CST 2018
**********************************************************
Building tree..
Updating orphans.
Updating variables table..
Done

**********************************************************
MIB Browser Stopped at : Tue May 08 15:31:26 CST 2018
**********************************************************

**********************************************************
MIB Browser Started at : Tue May 08 15:31:36 CST 2018
**********************************************************
Building tree..
Updating orphans.

**********************************************************
MIB Browser Started at : Tue May 08 15:36:13 CST 2018
**********************************************************
Building tree..

**********************************************************
MIB Browser Stopped at : Tue May 08 15:36:15 CST 2018
**********************************************************

**********************************************************
MIB Browser Started at : Tue May 08 15:37:09 CST 2018
**********************************************************
Building tree..
Updating orphans.

**********************************************************
MIB Browser Started at : Tue May 08 15:44:34 CST 2018
**********************************************************
Building tree..
Updating orphans.

**********************************************************
MIB Browser Started at : Wed May 09 08:50:11 CST 2018
**********************************************************
Building tree..
Updating orphans.
Updating variables table..
Done

**********************************************************
MIB Browser Stopped at : Wed May 09 08:50:20 CST 2018
**********************************************************

**********************************************************
MIB Browser Started at : Wed May 09 10:27:47 CST 2018
**********************************************************
Building tree..
Updating orphans.
Updating variables table..
Done

**********************************************************
MIB Browser Stopped at : Wed May 09 10:27:59 CST 2018
**********************************************************

**********************************************************
MIB Browser Started at : Wed May 09 12:07:36 CST 2018
**********************************************************
Building tree..
Updating orphans.
Updating variables table..
Done

**********************************************************
MIB Browser Stopped at : Wed May 09 12:08:17 CST 2018
**********************************************************

**********************************************************
MIB Browser Started at : Wed May 09 14:38:01 CST 2018
**********************************************************
Building tree..
Updating orphans.
Updating variables table..
Done
Request : Get  .3


Received 0 record(s) in 4540 milliseconds.

**********************************************************
MIB Browser Stopped at : Wed May 09 14:46:47 CST 2018
**********************************************************

**********************************************************
MIB Browser Started at : Wed May 09 20:58:06 CST 2018
**********************************************************
Building tree..
Updating orphans.
Updating variables table..
Done
Request : Get  .1


Received 0 record(s) in 4388 milliseconds.

**********************************************************
MIB Browser Stopped at : Wed May 09 20:58:25 CST 2018
**********************************************************
